<?xml version="1.0" encoding="UTF-8"?>
<!-- Generated by org.testng.reporters.JUnitXMLReporter -->
<testsuite ignored="0" hostname="DELL-PC" failures="0" tests="8" name="GroupsPgm" time="0.453" errors="0" timestamp="2022-06-25T01:47:03 GMT-07:00">
  <testcase classname="com.testng.GroupsPgm" name="actingDept" time="0.064"/>
  <testcase classname="com.testng.GroupsPgm" name="armyDept" time="0.011"/>
  <testcase classname="com.testng.GroupsPgm" name="dancingDept" time="0.014"/>
  <testcase classname="com.testng.GroupsPgm" name="examDept" time="0.009"/>
  <testcase classname="com.testng.GroupsPgm" name="fireDept" time="0.008"/>
  <testcase classname="com.testng.GroupsPgm" name="libraryDept" time="0.009"/>
  <testcase classname="com.testng.GroupsPgm" name="policeDept" time="0.002"/>
  <testcase classname="com.testng.GroupsPgm" name="singingDept" time="0.001"/>
</testsuite> <!-- GroupsPgm -->
